2024-04-12T20:08:06.398Z 0: 

----------------------------------------------
2024-04-12T20:08:06.406Z 1: Discord starting: {"releaseChannel":"stable","version":"0.0.49"}, modulepath: /home/ran/.config/discord/0.0.49/modules
2024-04-12T20:08:06.409Z 2: ✅ webContents.created web1 ""
2024-04-12T20:08:06.413Z 3: ✅ window.created win1 "discord"
2024-04-12T20:08:06.680Z 4: ✅ webContents.did-finish-load web1
2024-04-12T20:08:09.949Z 5: window.close win1
2024-04-12T20:08:09.979Z 6: webContents.destroyed web1
2024-04-12T20:08:16.331Z 0: 

----------------------------------------------
2024-04-12T20:08:16.343Z 1: Discord starting: {"releaseChannel":"stable","version":"0.0.49"}, modulepath: /home/ran/.config/discord/0.0.49/modules
2024-04-12T20:08:16.352Z 2: ✅ webContents.created web1 ""
2024-04-12T20:08:16.354Z 3: ✅ window.created win1 "discord"
2024-04-12T20:08:16.600Z 4: ✅ webContents.did-finish-load web1
2024-04-12T20:08:25.411Z 5: ✅ webContents.created web2 ""
2024-04-12T20:08:25.425Z 6: ✅ window.created win2 "Discord"
2024-04-12T20:08:29.574Z 7: ✅ webContents.did-finish-load web2
2024-04-12T20:08:29.676Z 8: window.close win1
2024-04-12T20:08:29.705Z 9: webContents.destroyed web1
2024-04-12T20:08:29.707Z 10: window.closed win1
2024-04-12T20:46:56.334Z 11: window.close win2
2024-04-12T22:39:38.687Z 12: before-quit
2024-04-12T22:39:38.690Z 13: window.close win2
2024-04-12T22:39:38.706Z 14: ❌ child-process-gone {
  type: 'Utility',
  reason: 'killed',
  exitCode: 15,
  serviceName: 'audio.mojom.AudioService',
  name: 'Audio Service'
}
2024-04-12T22:39:38.709Z 15: ❌ child-process-gone {
  type: 'Utility',
  reason: 'killed',
  exitCode: 15,
  serviceName: 'network.mojom.NetworkService',
  name: 'Network Service'
}
2024-04-12T22:39:38.715Z 16: webContents.destroyed web2
2024-04-19T01:52:53.454Z 0: 

----------------------------------------------
2024-04-19T01:52:53.478Z 1: Discord starting: {"releaseChannel":"stable","version":"0.0.49"}, modulepath: /home/ran/.config/discord/0.0.49/modules
2024-04-19T01:52:53.499Z 2: ✅ webContents.created web1 ""
2024-04-19T01:52:53.504Z 3: ✅ window.created win1 "discord"
2024-04-19T01:52:53.907Z 4: ✅ webContents.did-finish-load web1
2024-04-19T01:53:01.984Z 5: window.close win1
