2024-04-20 08:57:40.904 [info] Extension host with pid 13168 started
2024-04-20 08:57:40.936 [info] ExtensionService#_doActivateExtension vscode.git-base, startup: true, activationEvent: '*', root cause: vscode.git
2024-04-20 08:57:40.949 [info] ExtensionService#_doActivateExtension vscode.git, startup: true, activationEvent: '*'
2024-04-20 08:57:40.987 [info] ExtensionService#_doActivateExtension vscode.github, startup: true, activationEvent: '*'
2024-04-20 08:57:41.077 [info] Eager extensions activated
2024-04-20 08:57:41.092 [info] ExtensionService#_doActivateExtension vscode.debug-auto-launch, startup: false, activationEvent: 'onStartupFinished'
2024-04-20 08:57:41.094 [info] ExtensionService#_doActivateExtension vscode.merge-conflict, startup: false, activationEvent: 'onStartupFinished'
2024-04-20 08:57:41.105 [info] Extension host terminating: renderer closed the MessagePort
2024-04-20 08:57:41.140 [error] ProxyResolver#addCertificatesV1 Canceled: Canceled
	at new M (/home/ran/software/VSCode/resources/app/out/vs/workbench/api/node/extensionHostProcess.js:142:46832)
	at c.U (/home/ran/software/VSCode/resources/app/out/vs/workbench/api/node/extensionHostProcess.js:149:5539)
	at j.<computed>.z.charCodeAt.j.<computed> (/home/ran/software/VSCode/resources/app/out/vs/workbench/api/node/extensionHostProcess.js:149:2993)
	at C.loadCertificates (/home/ran/software/VSCode/resources/app/out/vs/workbench/api/node/extensionHostProcess.js:155:41173)
	at Object.loadAdditionalCertificates (/home/ran/software/VSCode/resources/app/out/vs/workbench/api/node/extensionHostProcess.js:137:34340)
	at /home/ran/software/VSCode/resources/app/node_modules.asar/@vscode/proxy-agent/out/index.js:475:53
	at Generator.next (<anonymous>)
	at /home/ran/software/VSCode/resources/app/node_modules.asar/@vscode/proxy-agent/out/index.js:35:71
	at new Promise (<anonymous>)
	at __awaiter (/home/ran/software/VSCode/resources/app/node_modules.asar/@vscode/proxy-agent/out/index.js:31:12)
	at /home/ran/software/VSCode/resources/app/node_modules.asar/@vscode/proxy-agent/out/index.js:474:43
	at /home/ran/software/VSCode/resources/app/node_modules.asar/@vscode/proxy-agent/out/index.js:476:16
	at Generator.next (<anonymous>)
	at /home/ran/software/VSCode/resources/app/node_modules.asar/@vscode/proxy-agent/out/index.js:35:71
	at new Promise (<anonymous>)
	at __awaiter (/home/ran/software/VSCode/resources/app/node_modules.asar/@vscode/proxy-agent/out/index.js:31:12)
	at getOrLoadAdditionalCertificates (/home/ran/software/VSCode/resources/app/node_modules.asar/@vscode/proxy-agent/out/index.js:472:12)
	at addCertificatesV1 (/home/ran/software/VSCode/resources/app/node_modules.asar/@vscode/proxy-agent/out/index.js:456:9)
	at resolveProxy (/home/ran/software/VSCode/resources/app/node_modules.asar/@vscode/proxy-agent/out/index.js:112:9)
	at /home/ran/software/VSCode/resources/app/node_modules.asar/@vscode/proxy-agent/out/index.js:303:77
	at new Promise (<anonymous>)
	at _PacProxyAgent.resolveP [as resolver] (/home/ran/software/VSCode/resources/app/node_modules.asar/@vscode/proxy-agent/out/index.js:303:54)
	at _PacProxyAgent.<anonymous> (/home/ran/software/VSCode/resources/app/node_modules.asar/@vscode/proxy-agent/out/agent.js:70:37)
	at Generator.next (<anonymous>)
	at /home/ran/software/VSCode/resources/app/node_modules.asar/@vscode/proxy-agent/out/agent.js:8:71
	at new Promise (<anonymous>)
	at __awaiter (/home/ran/software/VSCode/resources/app/node_modules.asar/@vscode/proxy-agent/out/agent.js:4:12)
	at _PacProxyAgent.connect (/home/ran/software/VSCode/resources/app/node_modules.asar/@vscode/proxy-agent/out/agent.js:52:16)
	at /home/ran/software/VSCode/resources/app/node_modules.asar/agent-base/dist/index.js:73:30
2024-04-20 08:57:41.141 [info] Extension host with pid 13168 exiting with code 0
